<?xml version="1.0" encoding="UTF-8"?>
<coverage generated="1720011947850" clover="3.2.0">
  <project timestamp="1720011947850" name="All files">
    <metrics statements="8" coveredstatements="8" conditionals="4" coveredconditionals="4" methods="1" coveredmethods="1" elements="13" coveredelements="13" complexity="0" loc="8" ncloc="8" packages="1" files="1" classes="1"/>
    <file name="lengthCal.js" path="/Users/yeji/github/programmersJs/level0/lengthCal.js">
      <metrics statements="8" coveredstatements="8" conditionals="4" coveredconditionals="4" methods="1" coveredmethods="1"/>
      <line num="1" count="1" type="stmt"/>
      <line num="2" count="2" type="stmt"/>
      <line num="3" count="2" type="stmt"/>
      <line num="5" count="2" type="stmt"/>
      <line num="6" count="17" type="cond" truecount="2" falsecount="0"/>
      <line num="7" count="13" type="stmt"/>
      <line num="9" count="4" type="stmt"/>
      <line num="13" count="2" type="cond" truecount="2" falsecount="0"/>
    </file>
  </project>
</coverage>
