{"/Users/yeji/github/programmersJs/level0/lengthCal.js": {"path":"/Users/yeji/github/programmersJs/level0/lengthCal.js","statementMap":{"0":{"start":{"line":1,"column":18},"end":{"line":14,"column":1}},"1":{"start":{"line":2,"column":15},"end":{"line":2,"column":16}},"2":{"start":{"line":3,"column":18},"end":{"line":3,"column":19}},"3":{"start":{"line":5,"column":2},"end":{"line":11,"column":3}},"4":{"start":{"line":5,"column":15},"end":{"line":5,"column":16}},"5":{"start":{"line":6,"column":4},"end":{"line":10,"column":5}},"6":{"start":{"line":7,"column":6},"end":{"line":7,"column":28}},"7":{"start":{"line":9,"column":6},"end":{"line":9,"column":31}},"8":{"start":{"line":13,"column":2},"end":{"line":13,"column":52}}},"fnMap":{"0":{"name":"(anonymous_0)","decl":{"start":{"line":1,"column":18},"end":{"line":1,"column":19}},"loc":{"start":{"line":1,"column":32},"end":{"line":14,"column":1}},"line":1}},"branchMap":{"0":{"loc":{"start":{"line":6,"column":4},"end":{"line":10,"column":5}},"type":"if","locations":[{"start":{"line":6,"column":4},"end":{"line":10,"column":5}},{"start":{"line":8,"column":11},"end":{"line":10,"column":5}}],"line":6},"1":{"loc":{"start":{"line":13,"column":9},"end":{"line":13,"column":51}},"type":"cond-expr","locations":[{"start":{"line":13,"column":33},"end":{"line":13,"column":39}},{"start":{"line":13,"column":42},"end":{"line":13,"column":51}}],"line":13}},"s":{"0":1,"1":2,"2":2,"3":2,"4":2,"5":17,"6":13,"7":4,"8":2},"f":{"0":2},"b":{"0":[13,4],"1":[1,1]},"_coverageSchema":"1a1c01bbd47fc00a2c39e90264f33305004495a9","hash":"6869bc061c9e4079479f254738fd76d587af2527"}
}
